app/build/intermediates/manifest_merge_blame_file/debug/processDebugMainManifest/manifest-merger-blame-debug-report.txt
1<?xml version="1.0" encoding="utf-8"?>
2<manifest xmlns:android="http://schemas.android.com/apk/res/android"
3    package="com.lockguard.app.debug"
4    android:versionCode="1"
5    android:versionName="1.0.0" >
6
7    <uses-sdk
8        android:minSdkVersion="26"
9        android:targetSdkVersion="34" />
10
11    <!-- Camera hardware features: Front camera preferred for intruder detection -->
12    <uses-feature
12-->src/main/AndroidManifest.xml:6:5-8:35
13        android:name="android.hardware.camera.any"
13-->src/main/AndroidManifest.xml:7:9-51
14        android:required="true" />
14-->src/main/AndroidManifest.xml:8:9-32
15    <uses-feature
15-->src/main/AndroidManifest.xml:9:5-11:36
16        android:name="android.hardware.camera.front"
16-->src/main/AndroidManifest.xml:10:9-53
17        android:required="false" />
17-->src/main/AndroidManifest.xml:11:9-33
18
19    <!-- Core Permissions -->
20    <uses-permission android:name="android.permission.CAMERA" />
20-->src/main/AndroidManifest.xml:14:5-65
20-->src/main/AndroidManifest.xml:14:22-62
21    <uses-permission android:name="android.permission.POST_NOTIFICATIONS" />
21-->src/main/AndroidManifest.xml:15:5-77
21-->src/main/AndroidManifest.xml:15:22-74
22    <uses-permission android:name="android.permission.USE_BIOMETRIC" />
22-->src/main/AndroidManifest.xml:16:5-72
22-->src/main/AndroidManifest.xml:16:22-69
23    <uses-permission
23-->src/main/AndroidManifest.xml:17:5-19:38
24        android:name="android.permission.USE_FINGERPRINT"
24-->src/main/AndroidManifest.xml:18:9-58
25        android:maxSdkVersion="28" />
25-->src/main/AndroidManifest.xml:19:9-35
26    <uses-permission android:name="android.permission.RECEIVE_BOOT_COMPLETED" />
26-->src/main/AndroidManifest.xml:20:5-81
26-->src/main/AndroidManifest.xml:20:22-78
27    <uses-permission android:name="android.permission.WAKE_LOCK" />
27-->[androidx.work:work-runtime:2.9.1] AndroidManifest.xml:23:5-68
27-->[androidx.work:work-runtime:2.9.1] AndroidManifest.xml:23:22-65
28    <uses-permission android:name="android.permission.ACCESS_NETWORK_STATE" />
28-->[androidx.work:work-runtime:2.9.1] AndroidManifest.xml:24:5-79
28-->[androidx.work:work-runtime:2.9.1] AndroidManifest.xml:24:22-76
29    <uses-permission android:name="android.permission.FOREGROUND_SERVICE" />
29-->[androidx.work:work-runtime:2.9.1] AndroidManifest.xml:26:5-77
29-->[androidx.work:work-runtime:2.9.1] AndroidManifest.xml:26:22-74
30
31    <permission
31-->[androidx.core:core:1.13.1] AndroidManifest.xml:22:5-24:47
32        android:name="com.lockguard.app.debug.DYNAMIC_RECEIVER_NOT_EXPORTED_PERMISSION"
32-->[androidx.core:core:1.13.1] AndroidManifest.xml:23:9-81
33        android:protectionLevel="signature" />
33-->[androidx.core:core:1.13.1] AndroidManifest.xml:24:9-44
34
35    <uses-permission android:name="com.lockguard.app.debug.DYNAMIC_RECEIVER_NOT_EXPORTED_PERMISSION" />
35-->[androidx.core:core:1.13.1] AndroidManifest.xml:26:5-97
35-->[androidx.core:core:1.13.1] AndroidManifest.xml:26:22-94
36
37    <application
37-->src/main/AndroidManifest.xml:22:5-76:19
38        android:name="com.lockguard.app.LockGuardApp"
38-->src/main/AndroidManifest.xml:23:9-37
39        android:allowBackup="false"
39-->src/main/AndroidManifest.xml:24:9-36
40        android:appComponentFactory="androidx.core.app.CoreComponentFactory"
40-->[androidx.core:core:1.13.1] AndroidManifest.xml:28:18-86
41        android:dataExtractionRules="@xml/data_extraction_rules"
41-->src/main/AndroidManifest.xml:25:9-65
42        android:debuggable="true"
43        android:extractNativeLibs="false"
44        android:fullBackupContent="false"
44-->src/main/AndroidManifest.xml:26:9-42
45        android:icon="@mipmap/ic_launcher"
45-->src/main/AndroidManifest.xml:27:9-43
46        android:label="@string/app_name"
46-->src/main/AndroidManifest.xml:28:9-41
47        android:roundIcon="@mipmap/ic_launcher_round"
47-->src/main/AndroidManifest.xml:29:9-54
48        android:supportsRtl="true"
48-->src/main/AndroidManifest.xml:30:9-35
49        android:testOnly="true"
50        android:theme="@style/Theme.LockGuard" >
50-->src/main/AndroidManifest.xml:31:9-47
51        <activity
51-->src/main/AndroidManifest.xml:34:9-44:20
52            android:name="com.lockguard.app.MainActivity"
52-->src/main/AndroidManifest.xml:35:13-41
53            android:exported="true"
53-->src/main/AndroidManifest.xml:36:13-36
54            android:screenOrientation="portrait"
54-->src/main/AndroidManifest.xml:37:13-49
55            android:theme="@style/Theme.LockGuard"
55-->src/main/AndroidManifest.xml:38:13-51
56            android:windowSoftInputMode="adjustResize" >
56-->src/main/AndroidManifest.xml:39:13-55
57            <intent-filter>
57-->src/main/AndroidManifest.xml:40:13-43:29
58                <action android:name="android.intent.action.MAIN" />
58-->src/main/AndroidManifest.xml:41:17-69
58-->src/main/AndroidManifest.xml:41:25-66
59
60                <category android:name="android.intent.category.LAUNCHER" />
60-->src/main/AndroidManifest.xml:42:17-77
60-->src/main/AndroidManifest.xml:42:27-74
61            </intent-filter>
62        </activity>
63
64        <!-- Official Android Device Administration Receiver for lock screen attempt tracking -->
65        <receiver
65-->src/main/AndroidManifest.xml:47:9-63:20
66            android:name="com.lockguard.app.receiver.LockGuardDeviceAdminReceiver"
66-->src/main/AndroidManifest.xml:48:13-66
67            android:description="@string/device_admin_description"
67-->src/main/AndroidManifest.xml:49:13-67
68            android:exported="true"
68-->src/main/AndroidManifest.xml:50:13-36
69            android:label="@string/device_admin_label"
69-->src/main/AndroidManifest.xml:51:13-55
70            android:permission="android.permission.BIND_DEVICE_ADMIN" >
70-->src/main/AndroidManifest.xml:52:13-70
71            <meta-data
71-->src/main/AndroidManifest.xml:53:13-55:56
72                android:name="android.app.device_admin"
72-->src/main/AndroidManifest.xml:54:17-56
73                android:resource="@xml/device_admin" />
73-->src/main/AndroidManifest.xml:55:17-53
74
75            <intent-filter>
75-->src/main/AndroidManifest.xml:56:13-62:29
76                <action android:name="android.app.action.DEVICE_ADMIN_ENABLED" />
76-->src/main/AndroidManifest.xml:57:17-82
76-->src/main/AndroidManifest.xml:57:25-79
77                <action android:name="android.app.action.DEVICE_ADMIN_DISABLED" />
77-->src/main/AndroidManifest.xml:58:17-83
77-->src/main/AndroidManifest.xml:58:25-80
78                <action android:name="android.app.action.DEVICE_ADMIN_DISABLE_REQUESTED" />
78-->src/main/AndroidManifest.xml:59:17-92
78-->src/main/AndroidManifest.xml:59:25-89
79                <action android:name="android.app.action.ACTION_PASSWORD_FAILED" />
79-->src/main/AndroidManifest.xml:60:17-84
79-->src/main/AndroidManifest.xml:60:25-81
80                <action android:name="android.app.action.ACTION_PASSWORD_SUCCEEDED" />
80-->src/main/AndroidManifest.xml:61:17-87
80-->src/main/AndroidManifest.xml:61:25-84
81            </intent-filter>
82        </receiver>
83
84        <!-- Secure FileProvider for on-demand explicit evidence export / sharing -->
85        <provider
86            android:name="androidx.core.content.FileProvider"
86-->src/main/AndroidManifest.xml:67:13-62
87            android:authorities="com.lockguard.app.debug.fileprovider"
87-->src/main/AndroidManifest.xml:68:13-64
88            android:exported="false"
88-->src/main/AndroidManifest.xml:69:13-37
89            android:grantUriPermissions="true" >
89-->src/main/AndroidManifest.xml:70:13-47
90            <meta-data
90-->src/main/AndroidManifest.xml:71:13-73:54
91                android:name="android.support.FILE_PROVIDER_PATHS"
91-->src/main/AndroidManifest.xml:72:17-67
92                android:resource="@xml/file_paths" />
92-->src/main/AndroidManifest.xml:73:17-51
93        </provider>
94
95        <service
95-->[androidx.camera:camera-camera2:1.3.4] AndroidManifest.xml:24:9-33:19
96            android:name="androidx.camera.core.impl.MetadataHolderService"
96-->[androidx.camera:camera-camera2:1.3.4] AndroidManifest.xml:25:13-75
97            android:enabled="false"
97-->[androidx.camera:camera-camera2:1.3.4] AndroidManifest.xml:26:13-36
98            android:exported="false" >
98-->[androidx.camera:camera-camera2:1.3.4] AndroidManifest.xml:27:13-37
99            <meta-data
99-->[androidx.camera:camera-camera2:1.3.4] AndroidManifest.xml:30:13-32:89
100                android:name="androidx.camera.core.impl.MetadataHolderService.DEFAULT_CONFIG_PROVIDER"
100-->[androidx.camera:camera-camera2:1.3.4] AndroidManifest.xml:31:17-103
101                android:value="androidx.camera.camera2.Camera2Config$DefaultProvider" />
101-->[androidx.camera:camera-camera2:1.3.4] AndroidManifest.xml:32:17-86
102        </service>
103
104        <provider
104-->[androidx.work:work-runtime:2.9.1] AndroidManifest.xml:29:9-37:20
105            android:name="androidx.startup.InitializationProvider"
105-->[androidx.work:work-runtime:2.9.1] AndroidManifest.xml:30:13-67
106            android:authorities="com.lockguard.app.debug.androidx-startup"
106-->[androidx.work:work-runtime:2.9.1] AndroidManifest.xml:31:13-68
107            android:exported="false" >
107-->[androidx.work:work-runtime:2.9.1] AndroidManifest.xml:32:13-37
108            <meta-data
108-->[androidx.work:work-runtime:2.9.1] AndroidManifest.xml:34:13-36:52
109                android:name="androidx.work.WorkManagerInitializer"
109-->[androidx.work:work-runtime:2.9.1] AndroidManifest.xml:35:17-68
110                android:value="androidx.startup" />
110-->[androidx.work:work-runtime:2.9.1] AndroidManifest.xml:36:17-49
111            <meta-data
111-->[androidx.emoji2:emoji2:1.3.0] AndroidManifest.xml:29:13-31:52
112                android:name="androidx.emoji2.text.EmojiCompatInitializer"
112-->[androidx.emoji2:emoji2:1.3.0] AndroidManifest.xml:30:17-75
113                android:value="androidx.startup" />
113-->[androidx.emoji2:emoji2:1.3.0] AndroidManifest.xml:31:17-49
114            <meta-data
114-->[androidx.lifecycle:lifecycle-process:2.8.5] AndroidManifest.xml:29:13-31:52
115                android:name="androidx.lifecycle.ProcessLifecycleInitializer"
115-->[androidx.lifecycle:lifecycle-process:2.8.5] AndroidManifest.xml:30:17-78
116                android:value="androidx.startup" />
116-->[androidx.lifecycle:lifecycle-process:2.8.5] AndroidManifest.xml:31:17-49
117            <meta-data
117-->[androidx.profileinstaller:profileinstaller:1.3.1] AndroidManifest.xml:29:13-31:52
118                android:name="androidx.profileinstaller.ProfileInstallerInitializer"
118-->[androidx.profileinstaller:profileinstaller:1.3.1] AndroidManifest.xml:30:17-85
119                android:value="androidx.startup" />
119-->[androidx.profileinstaller:profileinstaller:1.3.1] AndroidManifest.xml:31:17-49
120        </provider>
121
122        <service
122-->[androidx.work:work-runtime:2.9.1] AndroidManifest.xml:39:9-45:35
123            android:name="androidx.work.impl.background.systemalarm.SystemAlarmService"
123-->[androidx.work:work-runtime:2.9.1] AndroidManifest.xml:40:13-88
124            android:directBootAware="false"
124-->[androidx.work:work-runtime:2.9.1] AndroidManifest.xml:41:13-44
125            android:enabled="@bool/enable_system_alarm_service_default"
125-->[androidx.work:work-runtime:2.9.1] AndroidManifest.xml:42:13-72
126            android:exported="false" />
126-->[androidx.work:work-runtime:2.9.1] AndroidManifest.xml:43:13-37
127        <service
127-->[androidx.work:work-runtime:2.9.1] AndroidManifest.xml:46:9-52:35
128            android:name="androidx.work.impl.background.systemjob.SystemJobService"
128-->[androidx.work:work-runtime:2.9.1] AndroidManifest.xml:47:13-84
129            android:directBootAware="false"
129-->[androidx.work:work-runtime:2.9.1] AndroidManifest.xml:48:13-44
130            android:enabled="@bool/enable_system_job_service_default"
130-->[androidx.work:work-runtime:2.9.1] AndroidManifest.xml:49:13-70
131            android:exported="true"
131-->[androidx.work:work-runtime:2.9.1] AndroidManifest.xml:50:13-36
132            android:permission="android.permission.BIND_JOB_SERVICE" />
132-->[androidx.work:work-runtime:2.9.1] AndroidManifest.xml:51:13-69
133        <service
133-->[androidx.work:work-runtime:2.9.1] AndroidManifest.xml:53:9-59:35
134            android:name="androidx.work.impl.foreground.SystemForegroundService"
134-->[androidx.work:work-runtime:2.9.1] AndroidManifest.xml:54:13-81
135            android:directBootAware="false"
135-->[androidx.work:work-runtime:2.9.1] AndroidManifest.xml:55:13-44
136            android:enabled="@bool/enable_system_foreground_service_default"
136-->[androidx.work:work-runtime:2.9.1] AndroidManifest.xml:56:13-77
137            android:exported="false" />
137-->[androidx.work:work-runtime:2.9.1] AndroidManifest.xml:57:13-37
138
139        <receiver
139-->[androidx.work:work-runtime:2.9.1] AndroidManifest.xml:61:9-66:35
140            android:name="androidx.work.impl.utils.ForceStopRunnable$BroadcastReceiver"
140-->[androidx.work:work-runtime:2.9.1] AndroidManifest.xml:62:13-88
141            android:directBootAware="false"
141-->[androidx.work:work-runtime:2.9.1] AndroidManifest.xml:63:13-44
142            android:enabled="true"
142-->[androidx.work:work-runtime:2.9.1] AndroidManifest.xml:64:13-35
143            android:exported="false" />
143-->[androidx.work:work-runtime:2.9.1] AndroidManifest.xml:65:13-37
144        <receiver
144-->[androidx.work:work-runtime:2.9.1] AndroidManifest.xml:67:9-77:20
145            android:name="androidx.work.impl.background.systemalarm.ConstraintProxy$BatteryChargingProxy"
145-->[androidx.work:work-runtime:2.9.1] AndroidManifest.xml:68:13-106
146            android:directBootAware="false"
146-->[androidx.work:work-runtime:2.9.1] AndroidManifest.xml:69:13-44
147            android:enabled="false"
147-->[androidx.work:work-runtime:2.9.1] AndroidManifest.xml:70:13-36
148            android:exported="false" >
148-->[androidx.work:work-runtime:2.9.1] AndroidManifest.xml:71:13-37
149            <intent-filter>
149-->[androidx.work:work-runtime:2.9.1] AndroidManifest.xml:73:13-76:29
150                <action android:name="android.intent.action.ACTION_POWER_CONNECTED" />
150-->[androidx.work:work-runtime:2.9.1] AndroidManifest.xml:74:17-87
150-->[androidx.work:work-runtime:2.9.1] AndroidManifest.xml:74:25-84
151                <action android:name="android.intent.action.ACTION_POWER_DISCONNECTED" />
151-->[androidx.work:work-runtime:2.9.1] AndroidManifest.xml:75:17-90
151-->[androidx.work:work-runtime:2.9.1] AndroidManifest.xml:75:25-87
152            </intent-filter>
153        </receiver>
154        <receiver
154-->[androidx.work:work-runtime:2.9.1] AndroidManifest.xml:78:9-88:20
155            android:name="androidx.work.impl.background.systemalarm.ConstraintProxy$BatteryNotLowProxy"
155-->[androidx.work:work-runtime:2.9.1] AndroidManifest.xml:79:13-104
156            android:directBootAware="false"
156-->[androidx.work:work-runtime:2.9.1] AndroidManifest.xml:80:13-44
157            android:enabled="false"
157-->[androidx.work:work-runtime:2.9.1] AndroidManifest.xml:81:13-36
158            android:exported="false" >
158-->[androidx.work:work-runtime:2.9.1] AndroidManifest.xml:82:13-37
159            <intent-filter>
159-->[androidx.work:work-runtime:2.9.1] AndroidManifest.xml:84:13-87:29
160                <action android:name="android.intent.action.BATTERY_OKAY" />
160-->[androidx.work:work-runtime:2.9.1] AndroidManifest.xml:85:17-77
160-->[androidx.work:work-runtime:2.9.1] AndroidManifest.xml:85:25-74
161                <action android:name="android.intent.action.BATTERY_LOW" />
161-->[androidx.work:work-runtime:2.9.1] AndroidManifest.xml:86:17-76
161-->[androidx.work:work-runtime:2.9.1] AndroidManifest.xml:86:25-73
162            </intent-filter>
163        </receiver>
164        <receiver
164-->[androidx.work:work-runtime:2.9.1] AndroidManifest.xml:89:9-99:20
165            android:name="androidx.work.impl.background.systemalarm.ConstraintProxy$StorageNotLowProxy"
165-->[androidx.work:work-runtime:2.9.1] AndroidManifest.xml:90:13-104
166            android:directBootAware="false"
166-->[androidx.work:work-runtime:2.9.1] AndroidManifest.xml:91:13-44
167            android:enabled="false"
167-->[androidx.work:work-runtime:2.9.1] AndroidManifest.xml:92:13-36
168            android:exported="false" >
168-->[androidx.work:work-runtime:2.9.1] AndroidManifest.xml:93:13-37
169            <intent-filter>
169-->[androidx.work:work-runtime:2.9.1] AndroidManifest.xml:95:13-98:29
170                <action android:name="android.intent.action.DEVICE_STORAGE_LOW" />
170-->[androidx.work:work-runtime:2.9.1] AndroidManifest.xml:96:17-83
170-->[androidx.work:work-runtime:2.9.1] AndroidManifest.xml:96:25-80
171                <action android:name="android.intent.action.DEVICE_STORAGE_OK" />
171-->[androidx.work:work-runtime:2.9.1] AndroidManifest.xml:97:17-82
171-->[androidx.work:work-runtime:2.9.1] AndroidManifest.xml:97:25-79
172            </intent-filter>
173        </receiver>
174        <receiver
174-->[androidx.work:work-runtime:2.9.1] AndroidManifest.xml:100:9-109:20
175            android:name="androidx.work.impl.background.systemalarm.ConstraintProxy$NetworkStateProxy"
175-->[androidx.work:work-runtime:2.9.1] AndroidManifest.xml:101:13-103
176            android:directBootAware="false"
176-->[androidx.work:work-runtime:2.9.1] AndroidManifest.xml:102:13-44
177            android:enabled="false"
177-->[androidx.work:work-runtime:2.9.1] AndroidManifest.xml:103:13-36
178            android:exported="false" >
178-->[androidx.work:work-runtime:2.9.1] AndroidManifest.xml:104:13-37
179            <intent-filter>
179-->[androidx.work:work-runtime:2.9.1] AndroidManifest.xml:106:13-108:29
180                <action android:name="android.net.conn.CONNECTIVITY_CHANGE" />
180-->[androidx.work:work-runtime:2.9.1] AndroidManifest.xml:107:17-79
180-->[androidx.work:work-runtime:2.9.1] AndroidManifest.xml:107:25-76
181            </intent-filter>
182        </receiver>
183        <receiver
183-->[androidx.work:work-runtime:2.9.1] AndroidManifest.xml:110:9-121:20
184            android:name="androidx.work.impl.background.systemalarm.RescheduleReceiver"
184-->[androidx.work:work-runtime:2.9.1] AndroidManifest.xml:111:13-88
185            android:directBootAware="false"
185-->[androidx.work:work-runtime:2.9.1] AndroidManifest.xml:112:13-44
186            android:enabled="false"
186-->[androidx.work:work-runtime:2.9.1] AndroidManifest.xml:113:13-36
187            android:exported="false" >
187-->[androidx.work:work-runtime:2.9.1] AndroidManifest.xml:114:13-37
188            <intent-filter>
188-->[androidx.work:work-runtime:2.9.1] AndroidManifest.xml:116:13-120:29
189                <action android:name="android.intent.action.BOOT_COMPLETED" />
189-->[androidx.work:work-runtime:2.9.1] AndroidManifest.xml:117:17-79
189-->[androidx.work:work-runtime:2.9.1] AndroidManifest.xml:117:25-76
190                <action android:name="android.intent.action.TIME_SET" />
190-->[androidx.work:work-runtime:2.9.1] AndroidManifest.xml:118:17-73
190-->[androidx.work:work-runtime:2.9.1] AndroidManifest.xml:118:25-70
191                <action android:name="android.intent.action.TIMEZONE_CHANGED" />
191-->[androidx.work:work-runtime:2.9.1] AndroidManifest.xml:119:17-81
191-->[androidx.work:work-runtime:2.9.1] AndroidManifest.xml:119:25-78
192            </intent-filter>
193        </receiver>
194        <receiver
194-->[androidx.work:work-runtime:2.9.1] AndroidManifest.xml:122:9-131:20
195            android:name="androidx.work.impl.background.systemalarm.ConstraintProxyUpdateReceiver"
195-->[androidx.work:work-runtime:2.9.1] AndroidManifest.xml:123:13-99
196            android:directBootAware="false"
196-->[androidx.work:work-runtime:2.9.1] AndroidManifest.xml:124:13-44
197            android:enabled="@bool/enable_system_alarm_service_default"
197-->[androidx.work:work-runtime:2.9.1] AndroidManifest.xml:125:13-72
198            android:exported="false" >
198-->[androidx.work:work-runtime:2.9.1] AndroidManifest.xml:126:13-37
199            <intent-filter>
199-->[androidx.work:work-runtime:2.9.1] AndroidManifest.xml:128:13-130:29
200                <action android:name="androidx.work.impl.background.systemalarm.UpdateProxies" />
200-->[androidx.work:work-runtime:2.9.1] AndroidManifest.xml:129:17-98
200-->[androidx.work:work-runtime:2.9.1] AndroidManifest.xml:129:25-95
201            </intent-filter>
202        </receiver>
203        <receiver
203-->[androidx.work:work-runtime:2.9.1] AndroidManifest.xml:132:9-142:20
204            android:name="androidx.work.impl.diagnostics.DiagnosticsReceiver"
204-->[androidx.work:work-runtime:2.9.1] AndroidManifest.xml:133:13-78
205            android:directBootAware="false"
205-->[androidx.work:work-runtime:2.9.1] AndroidManifest.xml:134:13-44
206            android:enabled="true"
206-->[androidx.work:work-runtime:2.9.1] AndroidManifest.xml:135:13-35
207            android:exported="true"
207-->[androidx.work:work-runtime:2.9.1] AndroidManifest.xml:136:13-36
208            android:permission="android.permission.DUMP" >
208-->[androidx.work:work-runtime:2.9.1] AndroidManifest.xml:137:13-57
209            <intent-filter>
209-->[androidx.work:work-runtime:2.9.1] AndroidManifest.xml:139:13-141:29
210                <action android:name="androidx.work.diagnostics.REQUEST_DIAGNOSTICS" />
210-->[androidx.work:work-runtime:2.9.1] AndroidManifest.xml:140:17-88
210-->[androidx.work:work-runtime:2.9.1] AndroidManifest.xml:140:25-85
211            </intent-filter>
212        </receiver>
213
214        <activity
214-->[androidx.compose.ui:ui-tooling-android:1.7.0] AndroidManifest.xml:23:9-25:39
215            android:name="androidx.compose.ui.tooling.PreviewActivity"
215-->[androidx.compose.ui:ui-tooling-android:1.7.0] AndroidManifest.xml:24:13-71
216            android:exported="true" />
216-->[androidx.compose.ui:ui-tooling-android:1.7.0] AndroidManifest.xml:25:13-36
217
218        <service
218-->[androidx.room:room-runtime:2.6.1] AndroidManifest.xml:24:9-28:63
219            android:name="androidx.room.MultiInstanceInvalidationService"
219-->[androidx.room:room-runtime:2.6.1] AndroidManifest.xml:25:13-74
220            android:directBootAware="true"
220-->[androidx.room:room-runtime:2.6.1] AndroidManifest.xml:26:13-43
221            android:exported="false" />
221-->[androidx.room:room-runtime:2.6.1] AndroidManifest.xml:27:13-37
222
223        <receiver
223-->[androidx.profileinstaller:profileinstaller:1.3.1] AndroidManifest.xml:34:9-52:20
224            android:name="androidx.profileinstaller.ProfileInstallReceiver"
224-->[androidx.profileinstaller:profileinstaller:1.3.1] AndroidManifest.xml:35:13-76
225            android:directBootAware="false"
225-->[androidx.profileinstaller:profileinstaller:1.3.1] AndroidManifest.xml:36:13-44
226            android:enabled="true"
226-->[androidx.profileinstaller:profileinstaller:1.3.1] AndroidManifest.xml:37:13-35
227            android:exported="true"
227-->[androidx.profileinstaller:profileinstaller:1.3.1] AndroidManifest.xml:38:13-36
228            android:permission="android.permission.DUMP" >
228-->[androidx.profileinstaller:profileinstaller:1.3.1] AndroidManifest.xml:39:13-57
229            <intent-filter>
229-->[androidx.profileinstaller:profileinstaller:1.3.1] AndroidManifest.xml:40:13-42:29
230                <action android:name="androidx.profileinstaller.action.INSTALL_PROFILE" />
230-->[androidx.profileinstaller:profileinstaller:1.3.1] AndroidManifest.xml:41:17-91
230-->[androidx.profileinstaller:profileinstaller:1.3.1] AndroidManifest.xml:41:25-88
231            </intent-filter>
232            <intent-filter>
232-->[androidx.profileinstaller:profileinstaller:1.3.1] AndroidManifest.xml:43:13-45:29
233                <action android:name="androidx.profileinstaller.action.SKIP_FILE" />
233-->[androidx.profileinstaller:profileinstaller:1.3.1] AndroidManifest.xml:44:17-85
233-->[androidx.profileinstaller:profileinstaller:1.3.1] AndroidManifest.xml:44:25-82
234            </intent-filter>
235            <intent-filter>
235-->[androidx.profileinstaller:profileinstaller:1.3.1] AndroidManifest.xml:46:13-48:29
236                <action android:name="androidx.profileinstaller.action.SAVE_PROFILE" />
236-->[androidx.profileinstaller:profileinstaller:1.3.1] AndroidManifest.xml:47:17-88
236-->[androidx.profileinstaller:profileinstaller:1.3.1] AndroidManifest.xml:47:25-85
237            </intent-filter>
238            <intent-filter>
238-->[androidx.profileinstaller:profileinstaller:1.3.1] AndroidManifest.xml:49:13-51:29
239                <action android:name="androidx.profileinstaller.action.BENCHMARK_OPERATION" />
239-->[androidx.profileinstaller:profileinstaller:1.3.1] AndroidManifest.xml:50:17-95
239-->[androidx.profileinstaller:profileinstaller:1.3.1] AndroidManifest.xml:50:25-92
240            </intent-filter>
241        </receiver>
242    </application>
243
244</manifest>